2014-12-01 20:31:22 Debug: Notice (8): Undefined index: User in [C:\xampp\htdocs\EF\app\View\Users\index.ctp, line 15]
Trace:
include - APP\View\Users\index.ctp, line 15
View::_evaluate() - CORE\Cake\View\View.php, line 948
View::_render() - CORE\Cake\View\View.php, line 910
View::render() - CORE\Cake\View\View.php, line 471
Controller::render() - CORE\Cake\Controller\Controller.php, line 954
Dispatcher::_invoke() - CORE\Cake\Routing\Dispatcher.php, line 198
Dispatcher::dispatch() - CORE\Cake\Routing\Dispatcher.php, line 165
[main] - APP\webroot\index.php, line 108

2014-12-01 20:31:22 Debug: Notice (8): Undefined index: User in [C:\xampp\htdocs\EF\app\View\Users\index.ctp, line 16]
Trace:
include - APP\View\Users\index.ctp, line 16
View::_evaluate() - CORE\Cake\View\View.php, line 948
View::_render() - CORE\Cake\View\View.php, line 910
View::render() - CORE\Cake\View\View.php, line 471
Controller::render() - CORE\Cake\Controller\Controller.php, line 954
Dispatcher::_invoke() - CORE\Cake\Routing\Dispatcher.php, line 198
Dispatcher::dispatch() - CORE\Cake\Routing\Dispatcher.php, line 165
[main] - APP\webroot\index.php, line 108

2014-12-01 20:31:22 Debug: Notice (8): Undefined index: User in [C:\xampp\htdocs\EF\app\View\Users\index.ctp, line 17]
Trace:
include - APP\View\Users\index.ctp, line 17
View::_evaluate() - CORE\Cake\View\View.php, line 948
View::_render() - CORE\Cake\View\View.php, line 910
View::render() - CORE\Cake\View\View.php, line 471
Controller::render() - CORE\Cake\Controller\Controller.php, line 954
Dispatcher::_invoke() - CORE\Cake\Routing\Dispatcher.php, line 198
Dispatcher::dispatch() - CORE\Cake\Routing\Dispatcher.php, line 165
[main] - APP\webroot\index.php, line 108

2014-12-01 20:31:22 Debug: Notice (8): Undefined index: User in [C:\xampp\htdocs\EF\app\View\Users\index.ctp, line 18]
Trace:
include - APP\View\Users\index.ctp, line 18
View::_evaluate() - CORE\Cake\View\View.php, line 948
View::_render() - CORE\Cake\View\View.php, line 910
View::render() - CORE\Cake\View\View.php, line 471
Controller::render() - CORE\Cake\Controller\Controller.php, line 954
Dispatcher::_invoke() - CORE\Cake\Routing\Dispatcher.php, line 198
Dispatcher::dispatch() - CORE\Cake\Routing\Dispatcher.php, line 165
[main] - APP\webroot\index.php, line 108

2014-12-01 20:33:19 Debug: Notice (8): Undefined index: User in [C:\xampp\htdocs\EF\app\View\Users\index.ctp, line 15]
Trace:
include - APP\View\Users\index.ctp, line 15
View::_evaluate() - CORE\Cake\View\View.php, line 948
View::_render() - CORE\Cake\View\View.php, line 910
View::render() - CORE\Cake\View\View.php, line 471
Controller::render() - CORE\Cake\Controller\Controller.php, line 954
Dispatcher::_invoke() - CORE\Cake\Routing\Dispatcher.php, line 198
Dispatcher::dispatch() - CORE\Cake\Routing\Dispatcher.php, line 165
[main] - APP\webroot\index.php, line 108

2014-12-01 20:33:19 Debug: Notice (8): Undefined index: User in [C:\xampp\htdocs\EF\app\View\Users\index.ctp, line 16]
Trace:
include - APP\View\Users\index.ctp, line 16
View::_evaluate() - CORE\Cake\View\View.php, line 948
View::_render() - CORE\Cake\View\View.php, line 910
View::render() - CORE\Cake\View\View.php, line 471
Controller::render() - CORE\Cake\Controller\Controller.php, line 954
Dispatcher::_invoke() - CORE\Cake\Routing\Dispatcher.php, line 198
Dispatcher::dispatch() - CORE\Cake\Routing\Dispatcher.php, line 165
[main] - APP\webroot\index.php, line 108

2014-12-01 20:33:19 Debug: Notice (8): Undefined index: User in [C:\xampp\htdocs\EF\app\View\Users\index.ctp, line 17]
Trace:
include - APP\View\Users\index.ctp, line 17
View::_evaluate() - CORE\Cake\View\View.php, line 948
View::_render() - CORE\Cake\View\View.php, line 910
View::render() - CORE\Cake\View\View.php, line 471
Controller::render() - CORE\Cake\Controller\Controller.php, line 954
Dispatcher::_invoke() - CORE\Cake\Routing\Dispatcher.php, line 198
Dispatcher::dispatch() - CORE\Cake\Routing\Dispatcher.php, line 165
[main] - APP\webroot\index.php, line 108

2014-12-01 20:33:19 Debug: Notice (8): Undefined index: User in [C:\xampp\htdocs\EF\app\View\Users\index.ctp, line 18]
Trace:
include - APP\View\Users\index.ctp, line 18
View::_evaluate() - CORE\Cake\View\View.php, line 948
View::_render() - CORE\Cake\View\View.php, line 910
View::render() - CORE\Cake\View\View.php, line 471
Controller::render() - CORE\Cake\Controller\Controller.php, line 954
Dispatcher::_invoke() - CORE\Cake\Routing\Dispatcher.php, line 198
Dispatcher::dispatch() - CORE\Cake\Routing\Dispatcher.php, line 165
[main] - APP\webroot\index.php, line 108

2014-12-01 20:34:01 Debug: Notice (8): Undefined index: User in [C:\xampp\htdocs\EF\app\View\Users\index.ctp, line 15]
Trace:
include - APP\View\Users\index.ctp, line 15
View::_evaluate() - CORE\Cake\View\View.php, line 948
View::_render() - CORE\Cake\View\View.php, line 910
View::render() - CORE\Cake\View\View.php, line 471
Controller::render() - CORE\Cake\Controller\Controller.php, line 954
Dispatcher::_invoke() - CORE\Cake\Routing\Dispatcher.php, line 198
Dispatcher::dispatch() - CORE\Cake\Routing\Dispatcher.php, line 165
[main] - APP\webroot\index.php, line 108

2014-12-01 20:34:01 Debug: Notice (8): Undefined index: User in [C:\xampp\htdocs\EF\app\View\Users\index.ctp, line 16]
Trace:
include - APP\View\Users\index.ctp, line 16
View::_evaluate() - CORE\Cake\View\View.php, line 948
View::_render() - CORE\Cake\View\View.php, line 910
View::render() - CORE\Cake\View\View.php, line 471
Controller::render() - CORE\Cake\Controller\Controller.php, line 954
Dispatcher::_invoke() - CORE\Cake\Routing\Dispatcher.php, line 198
Dispatcher::dispatch() - CORE\Cake\Routing\Dispatcher.php, line 165
[main] - APP\webroot\index.php, line 108

2014-12-01 20:34:01 Debug: Notice (8): Undefined index: User in [C:\xampp\htdocs\EF\app\View\Users\index.ctp, line 17]
Trace:
include - APP\View\Users\index.ctp, line 17
View::_evaluate() - CORE\Cake\View\View.php, line 948
View::_render() - CORE\Cake\View\View.php, line 910
View::render() - CORE\Cake\View\View.php, line 471
Controller::render() - CORE\Cake\Controller\Controller.php, line 954
Dispatcher::_invoke() - CORE\Cake\Routing\Dispatcher.php, line 198
Dispatcher::dispatch() - CORE\Cake\Routing\Dispatcher.php, line 165
[main] - APP\webroot\index.php, line 108

2014-12-01 20:34:01 Debug: Notice (8): Undefined index: User in [C:\xampp\htdocs\EF\app\View\Users\index.ctp, line 18]
Trace:
include - APP\View\Users\index.ctp, line 18
View::_evaluate() - CORE\Cake\View\View.php, line 948
View::_render() - CORE\Cake\View\View.php, line 910
View::render() - CORE\Cake\View\View.php, line 471
Controller::render() - CORE\Cake\Controller\Controller.php, line 954
Dispatcher::_invoke() - CORE\Cake\Routing\Dispatcher.php, line 198
Dispatcher::dispatch() - CORE\Cake\Routing\Dispatcher.php, line 165
[main] - APP\webroot\index.php, line 108

